  JungleExploration.cpp
D:\Projects\VulkanProject\JungleExploration\JungleExploration\Starter.hpp(308,31): warning C4099: 'VertexDescriptor': type name first seen using 'struct' now seen using 'class'
D:\Projects\VulkanProject\JungleExploration\JungleExploration\Starter.hpp(162): message : see declaration of 'VertexDescriptor'
D:\Projects\VulkanProject\JungleExploration\JungleExploration\Starter.hpp(310,22): warning C4099: 'Texture': type name first seen using 'struct' now seen using 'class'
D:\Projects\VulkanProject\JungleExploration\JungleExploration\Starter.hpp(208): message : see declaration of 'Texture'
D:\Projects\VulkanProject\JungleExploration\JungleExploration\Starter.hpp(311,23): warning C4099: 'Pipeline': type name first seen using 'struct' now seen using 'class'
D:\Projects\VulkanProject\JungleExploration\JungleExploration\Starter.hpp(250): message : see declaration of 'Pipeline'
D:\Projects\VulkanProject\JungleExploration\JungleExploration\Starter.hpp(312,34): warning C4099: 'DescriptorSetLayout': type name first seen using 'struct' now seen using 'class'
D:\Projects\VulkanProject\JungleExploration\JungleExploration\Starter.hpp(242): message : see declaration of 'DescriptorSetLayout'
D:\Projects\VulkanProject\JungleExploration\JungleExploration\Starter.hpp(313,28): warning C4099: 'DescriptorSet': type name first seen using 'struct' now seen using 'class'
D:\Projects\VulkanProject\JungleExploration\JungleExploration\Starter.hpp(289): message : see declaration of 'DescriptorSet'
D:\Projects\VulkanProject\JungleExploration\JungleExploration\Starter.hpp(1533,1): warning C4267: 'argument': conversion from 'size_t' to 'int', possible loss of data
D:\Projects\VulkanProject\JungleExploration\JungleExploration\Starter.hpp(1796,16): warning C4244: '=': conversion from 'double' to 'T', possible loss of data
          with
          [
              T=float
          ]
D:\Projects\VulkanProject\JungleExploration\JungleExploration\Starter.hpp(1797,16): warning C4244: '=': conversion from 'double' to 'T', possible loss of data
          with
          [
              T=float
          ]
D:\Projects\VulkanProject\JungleExploration\JungleExploration\Starter.hpp(1838,1): warning C4554: '|': check operator precedence for possible error; use parentheses to clarify precedence
D:\Projects\VulkanProject\JungleExploration\JungleExploration\Starter.hpp(2609,48): warning C4267: '=': conversion from 'size_t' to 'uint32_t', possible loss of data
D:\Projects\VulkanProject\JungleExploration\JungleExploration\TextMaker.hpp(9,483): warning C4305: 'initializing': truncation from 'double' to 'const float'
D:\Projects\VulkanProject\JungleExploration\JungleExploration\TextMaker.hpp(100,1): warning C4267: '+=': conversion from 'size_t' to 'int', possible loss of data
D:\Projects\VulkanProject\JungleExploration\JungleExploration\TextMaker.hpp(109,1): warning C4305: 'initializing': truncation from 'double' to 'float'
D:\Projects\VulkanProject\JungleExploration\JungleExploration\TextMaker.hpp(110,1): warning C4305: 'initializing': truncation from 'double' to 'float'
D:\Projects\VulkanProject\JungleExploration\JungleExploration\TextMaker.hpp(111,1): warning C4305: 'initializing': truncation from 'double' to 'float'
D:\Projects\VulkanProject\JungleExploration\JungleExploration\TextMaker.hpp(112,1): warning C4305: 'initializing': truncation from 'double' to 'float'
D:\Projects\VulkanProject\JungleExploration\JungleExploration\JungleExploration.cpp(948,13): warning C4244: 'argument': conversion from 'time_t' to 'unsigned int', possible loss of data
D:\Projects\VulkanProject\JungleExploration\JungleExploration\JungleExploration.cpp(952,35): warning C4244: '=': conversion from 'int' to 'float', possible loss of data
D:\Projects\VulkanProject\JungleExploration\JungleExploration\JungleExploration.cpp(953,35): warning C4244: '=': conversion from 'int' to 'float', possible loss of data
D:\Projects\VulkanProject\JungleExploration\JungleExploration\JungleExploration.cpp(954,21): warning C4244: '=': conversion from 'int' to 'float', possible loss of data
D:\Projects\VulkanProject\JungleExploration\JungleExploration\JungleExploration.cpp(962,35): warning C4244: '=': conversion from 'int' to 'float', possible loss of data
D:\Projects\VulkanProject\JungleExploration\JungleExploration\JungleExploration.cpp(963,35): warning C4244: '=': conversion from 'int' to 'float', possible loss of data
D:\Projects\VulkanProject\JungleExploration\JungleExploration\JungleExploration.cpp(964,21): warning C4244: '=': conversion from 'int' to 'float', possible loss of data
D:\Projects\VulkanProject\JungleExploration\JungleExploration\JungleExploration.cpp(972,53): warning C4244: '=': conversion from 'double' to 'float', possible loss of data
D:\Projects\VulkanProject\JungleExploration\JungleExploration\JungleExploration.cpp(973,34): warning C4244: '=': conversion from 'int' to 'float', possible loss of data
D:\Projects\VulkanProject\JungleExploration\JungleExploration\JungleExploration.cpp(992,35): warning C4244: '=': conversion from 'int' to 'float', possible loss of data
D:\Projects\VulkanProject\JungleExploration\JungleExploration\JungleExploration.cpp(993,35): warning C4244: '=': conversion from 'int' to 'float', possible loss of data
D:\Projects\VulkanProject\JungleExploration\JungleExploration\JungleExploration.cpp(994,21): warning C4244: '=': conversion from 'int' to 'float', possible loss of data
D:\Projects\VulkanProject\JungleExploration\JungleExploration\JungleExploration.cpp(1002,50): warning C4244: '=': conversion from 'double' to 'float', possible loss of data
D:\Projects\VulkanProject\JungleExploration\JungleExploration\JungleExploration.cpp(1003,35): warning C4244: '=': conversion from 'int' to 'float', possible loss of data
D:\Projects\VulkanProject\JungleExploration\JungleExploration\JungleExploration.cpp(1004,35): warning C4244: '=': conversion from 'int' to 'float', possible loss of data
D:\Projects\VulkanProject\JungleExploration\JungleExploration\JungleExploration.cpp(1005,21): warning C4244: '=': conversion from 'int' to 'float', possible loss of data
D:\Projects\VulkanProject\JungleExploration\JungleExploration\JungleExploration.cpp(1014,50): warning C4244: '=': conversion from 'double' to 'float', possible loss of data
D:\Projects\VulkanProject\JungleExploration\JungleExploration\JungleExploration.cpp(1015,35): warning C4244: '=': conversion from 'int' to 'float', possible loss of data
D:\Projects\VulkanProject\JungleExploration\JungleExploration\JungleExploration.cpp(1016,35): warning C4244: '=': conversion from 'int' to 'float', possible loss of data
D:\Projects\VulkanProject\JungleExploration\JungleExploration\JungleExploration.cpp(1017,21): warning C4244: '=': conversion from 'int' to 'float', possible loss of data
D:\Projects\VulkanProject\JungleExploration\JungleExploration\JungleExploration.cpp(1018,20): warning C4244: '=': conversion from 'int' to 'float', possible loss of data
D:\Projects\VulkanProject\JungleExploration\JungleExploration\JungleExploration.cpp(1026,49): warning C4244: '=': conversion from 'double' to 'float', possible loss of data
D:\Projects\VulkanProject\JungleExploration\JungleExploration\JungleExploration.cpp(1027,35): warning C4244: '=': conversion from 'int' to 'float', possible loss of data
D:\Projects\VulkanProject\JungleExploration\JungleExploration\JungleExploration.cpp(1028,35): warning C4244: '=': conversion from 'int' to 'float', possible loss of data
D:\Projects\VulkanProject\JungleExploration\JungleExploration\JungleExploration.cpp(1029,21): warning C4244: '=': conversion from 'int' to 'float', possible loss of data
D:\Projects\VulkanProject\JungleExploration\JungleExploration\JungleExploration.cpp(1038,49): warning C4244: '=': conversion from 'double' to 'float', possible loss of data
D:\Projects\VulkanProject\JungleExploration\JungleExploration\JungleExploration.cpp(1039,35): warning C4244: '=': conversion from 'int' to 'float', possible loss of data
D:\Projects\VulkanProject\JungleExploration\JungleExploration\JungleExploration.cpp(1040,35): warning C4244: '=': conversion from 'int' to 'float', possible loss of data
D:\Projects\VulkanProject\JungleExploration\JungleExploration\JungleExploration.cpp(1041,21): warning C4244: '=': conversion from 'int' to 'float', possible loss of data
D:\Projects\VulkanProject\JungleExploration\JungleExploration\JungleExploration.cpp(1050,50): warning C4244: '=': conversion from 'double' to 'float', possible loss of data
D:\Projects\VulkanProject\JungleExploration\JungleExploration\JungleExploration.cpp(1051,35): warning C4244: '=': conversion from 'int' to 'float', possible loss of data
D:\Projects\VulkanProject\JungleExploration\JungleExploration\JungleExploration.cpp(1052,35): warning C4244: '=': conversion from 'int' to 'float', possible loss of data
D:\Projects\VulkanProject\JungleExploration\JungleExploration\JungleExploration.cpp(1053,21): warning C4244: '=': conversion from 'int' to 'float', possible loss of data
D:\Projects\VulkanProject\JungleExploration\JungleExploration\JungleExploration.cpp(1062,50): warning C4244: '=': conversion from 'double' to 'float', possible loss of data
D:\Projects\VulkanProject\JungleExploration\JungleExploration\JungleExploration.cpp(1063,35): warning C4244: '=': conversion from 'int' to 'float', possible loss of data
D:\Projects\VulkanProject\JungleExploration\JungleExploration\JungleExploration.cpp(1064,35): warning C4244: '=': conversion from 'int' to 'float', possible loss of data
D:\Projects\VulkanProject\JungleExploration\JungleExploration\JungleExploration.cpp(1065,21): warning C4244: '=': conversion from 'int' to 'float', possible loss of data
D:\Projects\VulkanProject\JungleExploration\JungleExploration\JungleExploration.cpp(1074,50): warning C4244: '=': conversion from 'double' to 'float', possible loss of data
D:\Projects\VulkanProject\JungleExploration\JungleExploration\JungleExploration.cpp(1075,35): warning C4244: '=': conversion from 'int' to 'float', possible loss of data
D:\Projects\VulkanProject\JungleExploration\JungleExploration\JungleExploration.cpp(1076,35): warning C4244: '=': conversion from 'int' to 'float', possible loss of data
D:\Projects\VulkanProject\JungleExploration\JungleExploration\JungleExploration.cpp(1077,21): warning C4244: '=': conversion from 'int' to 'float', possible loss of data
D:\Projects\VulkanProject\JungleExploration\JungleExploration\JungleExploration.cpp(1086,50): warning C4244: '=': conversion from 'double' to 'float', possible loss of data
D:\Projects\VulkanProject\JungleExploration\JungleExploration\JungleExploration.cpp(1087,35): warning C4244: '=': conversion from 'int' to 'float', possible loss of data
D:\Projects\VulkanProject\JungleExploration\JungleExploration\JungleExploration.cpp(1088,35): warning C4244: '=': conversion from 'int' to 'float', possible loss of data
D:\Projects\VulkanProject\JungleExploration\JungleExploration\JungleExploration.cpp(1089,21): warning C4244: '=': conversion from 'int' to 'float', possible loss of data
D:\Projects\VulkanProject\JungleExploration\JungleExploration\Starter.hpp(2052,1): warning C4267: 'argument': conversion from 'size_t' to '_Ty', possible loss of data
          with
          [
              _Ty=unsigned int
          ]
D:\Projects\VulkanProject\JungleExploration\JungleExploration\Starter.hpp(1993): message : while compiling class template member function 'void Model<VertexMesh>::loadModelOBJ(std::string)'
D:\Projects\VulkanProject\JungleExploration\JungleExploration\Starter.hpp(2274): message : see reference to function template instantiation 'void Model<VertexMesh>::loadModelOBJ(std::string)' being compiled
D:\Projects\VulkanProject\JungleExploration\JungleExploration\Starter.hpp(2270): message : while compiling class template member function 'void Model<VertexMesh>::init(BaseProject *,VertexDescriptor *,std::string,ModelType)'
D:\Projects\VulkanProject\JungleExploration\JungleExploration\JungleExploration.cpp(189): message : see reference to function template instantiation 'void Model<VertexMesh>::init(BaseProject *,VertexDescriptor *,std::string,ModelType)' being compiled
D:\Projects\VulkanProject\JungleExploration\JungleExploration\JungleExploration.cpp(59): message : see reference to class template instantiation 'Model<VertexMesh>' being compiled
D:\Projects\VulkanProject\JungleExploration\JungleExploration\Starter.hpp(2101,1): warning C4267: '=': conversion from 'size_t' to 'int', possible loss of data
D:\Projects\VulkanProject\JungleExploration\JungleExploration\Starter.hpp(2061): message : while compiling class template member function 'void Model<VertexMesh>::loadModelGLTF(std::string)'
D:\Projects\VulkanProject\JungleExploration\JungleExploration\Starter.hpp(2276): message : see reference to function template instantiation 'void Model<VertexMesh>::loadModelGLTF(std::string)' being compiled
D:\Projects\VulkanProject\JungleExploration\JungleExploration\Starter.hpp(2115,1): warning C4267: '=': conversion from 'size_t' to 'int', possible loss of data
D:\Projects\VulkanProject\JungleExploration\JungleExploration\Starter.hpp(2129,1): warning C4267: '=': conversion from 'size_t' to 'int', possible loss of data
D:\Projects\VulkanProject\JungleExploration\JungleExploration\Starter.hpp(2143,1): warning C4267: '=': conversion from 'size_t' to 'int', possible loss of data
LINK : warning LNK4098: defaultlib 'MSVCRT' conflicts with use of other libs; use /NODEFAULTLIB:library
  JungleExploration.vcxproj -> D:\Projects\VulkanProject\JungleExploration\x64\Debug\JungleExploration.exe
