  JungleExploration.cpp
D:\Projects\VulkanProject\JungleExploration\JungleExploration\Starter.hpp(308,31): warning C4099: 'VertexDescriptor': type name first seen using 'struct' now seen using 'class'
D:\Projects\VulkanProject\JungleExploration\JungleExploration\Starter.hpp(162): message : see declaration of 'VertexDescriptor'
D:\Projects\VulkanProject\JungleExploration\JungleExploration\Starter.hpp(310,22): warning C4099: 'Texture': type name first seen using 'struct' now seen using 'class'
D:\Projects\VulkanProject\JungleExploration\JungleExploration\Starter.hpp(208): message : see declaration of 'Texture'
D:\Projects\VulkanProject\JungleExploration\JungleExploration\Starter.hpp(311,23): warning C4099: 'Pipeline': type name first seen using 'struct' now seen using 'class'
D:\Projects\VulkanProject\JungleExploration\JungleExploration\Starter.hpp(250): message : see declaration of 'Pipeline'
D:\Projects\VulkanProject\JungleExploration\JungleExploration\Starter.hpp(312,34): warning C4099: 'DescriptorSetLayout': type name first seen using 'struct' now seen using 'class'
D:\Projects\VulkanProject\JungleExploration\JungleExploration\Starter.hpp(242): message : see declaration of 'DescriptorSetLayout'
D:\Projects\VulkanProject\JungleExploration\JungleExploration\Starter.hpp(313,28): warning C4099: 'DescriptorSet': type name first seen using 'struct' now seen using 'class'
D:\Projects\VulkanProject\JungleExploration\JungleExploration\Starter.hpp(289): message : see declaration of 'DescriptorSet'
D:\Projects\VulkanProject\JungleExploration\JungleExploration\Starter.hpp(1533,1): warning C4267: 'argument': conversion from 'size_t' to 'int', possible loss of data
D:\Projects\VulkanProject\JungleExploration\JungleExploration\Starter.hpp(1796,16): warning C4244: '=': conversion from 'double' to 'T', possible loss of data
          with
          [
              T=float
          ]
D:\Projects\VulkanProject\JungleExploration\JungleExploration\Starter.hpp(1797,16): warning C4244: '=': conversion from 'double' to 'T', possible loss of data
          with
          [
              T=float
          ]
D:\Projects\VulkanProject\JungleExploration\JungleExploration\Starter.hpp(1838,1): warning C4554: '|': check operator precedence for possible error; use parentheses to clarify precedence
D:\Projects\VulkanProject\JungleExploration\JungleExploration\Starter.hpp(2609,48): warning C4267: '=': conversion from 'size_t' to 'uint32_t', possible loss of data
D:\Projects\VulkanProject\JungleExploration\JungleExploration\TextMaker.hpp(9,484): warning C4305: 'initializing': truncation from 'double' to 'const float'
D:\Projects\VulkanProject\JungleExploration\JungleExploration\TextMaker.hpp(116,1): warning C4267: '+=': conversion from 'size_t' to 'int', possible loss of data
D:\Projects\VulkanProject\JungleExploration\JungleExploration\JungleExploration.cpp(282,1): warning C4305: 'argument': truncation from 'double' to 'float'
D:\Projects\VulkanProject\JungleExploration\JungleExploration\MeshGenerator.hpp(6,20): warning C4305: 'initializing': truncation from 'double' to 'float'
D:\Projects\VulkanProject\JungleExploration\JungleExploration\ObjectsSpecificationsCalculator.hpp(3,12): warning C4244: 'argument': conversion from 'time_t' to 'unsigned int', possible loss of data
D:\Projects\VulkanProject\JungleExploration\JungleExploration\ObjectsSpecificationsCalculator.hpp(23,52): warning C4244: '=': conversion from 'double' to 'float', possible loss of data
D:\Projects\VulkanProject\JungleExploration\JungleExploration\ObjectsSpecificationsCalculator.hpp(24,33): warning C4244: '=': conversion from 'int' to 'float', possible loss of data
D:\Projects\VulkanProject\JungleExploration\JungleExploration\ObjectsSpecificationsCalculator.hpp(51,49): warning C4244: '=': conversion from 'double' to 'float', possible loss of data
D:\Projects\VulkanProject\JungleExploration\JungleExploration\ObjectsSpecificationsCalculator.hpp(52,83): warning C4244: 'argument': conversion from 'float' to 'int', possible loss of data
D:\Projects\VulkanProject\JungleExploration\JungleExploration\ObjectsSpecificationsCalculator.hpp(52,50): warning C4244: 'argument': conversion from 'float' to 'int', possible loss of data
D:\Projects\VulkanProject\JungleExploration\JungleExploration\ObjectsSpecificationsCalculator.hpp(61,49): warning C4244: '=': conversion from 'double' to 'float', possible loss of data
D:\Projects\VulkanProject\JungleExploration\JungleExploration\ObjectsSpecificationsCalculator.hpp(62,83): warning C4244: 'argument': conversion from 'float' to 'int', possible loss of data
D:\Projects\VulkanProject\JungleExploration\JungleExploration\ObjectsSpecificationsCalculator.hpp(62,50): warning C4244: 'argument': conversion from 'float' to 'int', possible loss of data
D:\Projects\VulkanProject\JungleExploration\JungleExploration\ObjectsSpecificationsCalculator.hpp(63,19): warning C4244: '=': conversion from 'int' to 'float', possible loss of data
D:\Projects\VulkanProject\JungleExploration\JungleExploration\ObjectsSpecificationsCalculator.hpp(71,48): warning C4244: '=': conversion from 'double' to 'float', possible loss of data
D:\Projects\VulkanProject\JungleExploration\JungleExploration\ObjectsSpecificationsCalculator.hpp(72,83): warning C4244: 'argument': conversion from 'float' to 'int', possible loss of data
D:\Projects\VulkanProject\JungleExploration\JungleExploration\ObjectsSpecificationsCalculator.hpp(72,50): warning C4244: 'argument': conversion from 'float' to 'int', possible loss of data
D:\Projects\VulkanProject\JungleExploration\JungleExploration\ObjectsSpecificationsCalculator.hpp(81,48): warning C4244: '=': conversion from 'double' to 'float', possible loss of data
D:\Projects\VulkanProject\JungleExploration\JungleExploration\ObjectsSpecificationsCalculator.hpp(82,83): warning C4244: 'argument': conversion from 'float' to 'int', possible loss of data
D:\Projects\VulkanProject\JungleExploration\JungleExploration\ObjectsSpecificationsCalculator.hpp(82,50): warning C4244: 'argument': conversion from 'float' to 'int', possible loss of data
D:\Projects\VulkanProject\JungleExploration\JungleExploration\ObjectsSpecificationsCalculator.hpp(91,49): warning C4244: '=': conversion from 'double' to 'float', possible loss of data
D:\Projects\VulkanProject\JungleExploration\JungleExploration\ObjectsSpecificationsCalculator.hpp(92,83): warning C4244: 'argument': conversion from 'float' to 'int', possible loss of data
D:\Projects\VulkanProject\JungleExploration\JungleExploration\ObjectsSpecificationsCalculator.hpp(92,50): warning C4244: 'argument': conversion from 'float' to 'int', possible loss of data
D:\Projects\VulkanProject\JungleExploration\JungleExploration\ObjectsSpecificationsCalculator.hpp(101,49): warning C4244: '=': conversion from 'double' to 'float', possible loss of data
D:\Projects\VulkanProject\JungleExploration\JungleExploration\ObjectsSpecificationsCalculator.hpp(102,83): warning C4244: 'argument': conversion from 'float' to 'int', possible loss of data
D:\Projects\VulkanProject\JungleExploration\JungleExploration\ObjectsSpecificationsCalculator.hpp(102,50): warning C4244: 'argument': conversion from 'float' to 'int', possible loss of data
D:\Projects\VulkanProject\JungleExploration\JungleExploration\ObjectsSpecificationsCalculator.hpp(111,49): warning C4244: '=': conversion from 'double' to 'float', possible loss of data
D:\Projects\VulkanProject\JungleExploration\JungleExploration\ObjectsSpecificationsCalculator.hpp(112,83): warning C4244: 'argument': conversion from 'float' to 'int', possible loss of data
D:\Projects\VulkanProject\JungleExploration\JungleExploration\ObjectsSpecificationsCalculator.hpp(112,50): warning C4244: 'argument': conversion from 'float' to 'int', possible loss of data
D:\Projects\VulkanProject\JungleExploration\JungleExploration\ObjectsSpecificationsCalculator.hpp(121,49): warning C4244: '=': conversion from 'double' to 'float', possible loss of data
D:\Projects\VulkanProject\JungleExploration\JungleExploration\ObjectsSpecificationsCalculator.hpp(122,83): warning C4244: 'argument': conversion from 'float' to 'int', possible loss of data
D:\Projects\VulkanProject\JungleExploration\JungleExploration\ObjectsSpecificationsCalculator.hpp(122,50): warning C4244: 'argument': conversion from 'float' to 'int', possible loss of data
D:\Projects\VulkanProject\JungleExploration\JungleExploration\ObjectsSpecificationsCalculator.hpp(146,107): warning C4244: 'argument': conversion from 'float' to 'int', possible loss of data
D:\Projects\VulkanProject\JungleExploration\JungleExploration\ObjectsSpecificationsCalculator.hpp(146,70): warning C4244: 'argument': conversion from 'float' to 'int', possible loss of data
D:\Projects\VulkanProject\JungleExploration\JungleExploration\ObjectsSpecificationsCalculator.hpp(176,37): warning C4244: '=': conversion from 'int' to 'float', possible loss of data
D:\Projects\VulkanProject\JungleExploration\JungleExploration\ObjectsSpecificationsCalculator.hpp(177,37): warning C4244: '=': conversion from 'int' to 'float', possible loss of data
D:\Projects\VulkanProject\JungleExploration\JungleExploration\ObjectsSpecificationsCalculator.hpp(184,40): warning C4244: '=': conversion from 'int' to 'float', possible loss of data
D:\Projects\VulkanProject\JungleExploration\JungleExploration\ObjectsSpecificationsCalculator.hpp(185,40): warning C4244: '=': conversion from 'int' to 'float', possible loss of data
D:\Projects\VulkanProject\JungleExploration\JungleExploration\ObjectsSpecificationsCalculator.hpp(193,19): warning C4244: '=': conversion from 'int' to 'float', possible loss of data
D:\Projects\VulkanProject\JungleExploration\JungleExploration\Starter.hpp(2052,1): warning C4267: 'argument': conversion from 'size_t' to '_Ty', possible loss of data
          with
          [
              _Ty=unsigned int
          ]
D:\Projects\VulkanProject\JungleExploration\JungleExploration\Starter.hpp(1993): message : while compiling class template member function 'void Model<VertexMesh>::loadModelOBJ(std::string)'
D:\Projects\VulkanProject\JungleExploration\JungleExploration\Starter.hpp(2274): message : see reference to function template instantiation 'void Model<VertexMesh>::loadModelOBJ(std::string)' being compiled
D:\Projects\VulkanProject\JungleExploration\JungleExploration\Starter.hpp(2270): message : while compiling class template member function 'void Model<VertexMesh>::init(BaseProject *,VertexDescriptor *,std::string,ModelType)'
D:\Projects\VulkanProject\JungleExploration\JungleExploration\JungleExploration.cpp(253): message : see reference to function template instantiation 'void Model<VertexMesh>::init(BaseProject *,VertexDescriptor *,std::string,ModelType)' being compiled
D:\Projects\VulkanProject\JungleExploration\JungleExploration\JungleExploration.cpp(73): message : see reference to class template instantiation 'Model<VertexMesh>' being compiled
D:\Projects\VulkanProject\JungleExploration\JungleExploration\Starter.hpp(2101,1): warning C4267: '=': conversion from 'size_t' to 'int', possible loss of data
D:\Projects\VulkanProject\JungleExploration\JungleExploration\Starter.hpp(2061): message : while compiling class template member function 'void Model<VertexMesh>::loadModelGLTF(std::string)'
D:\Projects\VulkanProject\JungleExploration\JungleExploration\Starter.hpp(2276): message : see reference to function template instantiation 'void Model<VertexMesh>::loadModelGLTF(std::string)' being compiled
D:\Projects\VulkanProject\JungleExploration\JungleExploration\Starter.hpp(2115,1): warning C4267: '=': conversion from 'size_t' to 'int', possible loss of data
D:\Projects\VulkanProject\JungleExploration\JungleExploration\Starter.hpp(2129,1): warning C4267: '=': conversion from 'size_t' to 'int', possible loss of data
D:\Projects\VulkanProject\JungleExploration\JungleExploration\Starter.hpp(2143,1): warning C4267: '=': conversion from 'size_t' to 'int', possible loss of data
  Generating code
  16 of 7195 functions ( 0.2%) were compiled, the rest were copied from previous compilation.
    0 functions were new in current compilation
    24 functions had inline decision re-evaluated but remain unchanged
  Finished generating code
  JungleExploration.vcxproj -> D:\Projects\VulkanProject\JungleExploration\x64\Release\JungleExploration.exe
